<suite name = "all groups">
<test name = "test all groups">
    <groups>
        <define name="daily build">
            <include name = "sanity"/>
        </define>

        <define name = "release build">
            <include name = "regression"/>
        </define>

        <run>
            <include name = "all"/>
        </run>
    </groups>

    <classes>
        <class name="grouping.TestGroupingExample"/>
    </classes>
</test>
</suite>